<?xml version="1.0" encoding="UTF-8"?>
<!-- Generated by org.testng.reporters.JUnitReportReporter -->
<testsuite hostname="LAPTOP-COQFRCSP" failures="0" tests="2" name="testss.Ecommerceappl" time="34.595" errors="0" timestamp="2023-06-17T17:50:58 IST" skipped="0">
  <testcase classname="testss.Ecommerceappl" name="ceckorders" time="20.644"/>
  <system-out/>
  <testcase classname="testss.Ecommerceappl" name="demo" time="13.951"/>
  <system-out/>
</testsuite> <!-- testss.Ecommerceappl -->
