<?xml version="1.0" encoding="UTF-8"?>
<!-- Generated by org.testng.reporters.JUnitReportReporter -->
<testsuite hostname="LAPTOP-COQFRCSP" failures="0" tests="1" name="standalone.Standalone" time="14.876" errors="0" timestamp="2023-06-13T01:12:55 IST" skipped="0">
  <testcase classname="standalone.Standalone" name="test" time="14.876"/>
  <system-out/>
</testsuite> <!-- standalone.Standalone -->
